<?xml version="1.0" encoding="UTF-8"?>
<!-- Generated by org.testng.reporters.JUnitReportReporter -->
<testsuite hostname="LAPTOP-TKKR30I9" failures="0" tests="1" name="Reliance.reliance_test" time="5.130" errors="0" timestamp="2022-12-12T16:55:19 IST" skipped="0">
  <testcase classname="Reliance.reliance_test" name="date" time="5.130"/>
  <system-out/>
</testsuite> <!-- Reliance.reliance_test -->
