<?xml version="1.0" encoding="UTF-8"?>
<!-- Generated by org.testng.reporters.JUnitReportReporter -->
<testsuite hostname="LAPTOP-TKKR30I9" failures="0" tests="1" name="com.automation.testcases.loginpage" time="1.675" errors="0" timestamp="2022-11-29T15:14:25 IST" skipped="0">
  <testcase classname="com.automation.testcases.loginpage" name="loginhomepage" time="1.675"/>
  <system-out/>
</testsuite> <!-- com.automation.testcases.loginpage -->
