<?xml version="1.0" encoding="UTF-8"?>
<!-- Generated by org.testng.reporters.JUnitReportReporter -->
<testsuite hostname="LAPTOP-TKKR30I9" failures="0" tests="2" name="com.automation.testcases.loginpagetestcase_1" time="6.954" errors="0" timestamp="2022-12-01T16:37:51 IST" skipped="0">
  <testcase classname="com.automation.testcases.loginpagetestcase_1" name="loginhomepage1" time="4.964"/>
  <system-out/>
  <testcase classname="com.automation.testcases.loginpagetestcase_1" name="loginhomepage" time="1.990"/>
  <system-out/>
</testsuite> <!-- com.automation.testcases.loginpagetestcase_1 -->
